<?xml version="1.0" encoding="UTF-8"?>
<testsuite name="co.com.choucair.certification.proyectobase.runers.RunnerTags" tests="0" skipped="0" failures="0" errors="0" timestamp="1970-01-01T00:00:00" hostname="DESKTOP-1Q12JHO" time="0.0">
  <properties/>
  <system-out><![CDATA[
1 Scenarios (?[32m1 passed?[0m)
3 Steps (?[32m3 passed?[0m)
1m37,265s

]]></system-out>
  <system-err><![CDATA[[Test worker] INFO net.thucydides.core.util.PropertiesFileLocalPreferences - webdriver.driver=chrome
[Test worker] INFO net.thucydides.core.util.PropertiesFileLocalPreferences - webdriver.chrome.driver=src/test/resources/driver/chromedriver.exe
[Test worker] INFO net.thucydides.core.util.PropertiesFileLocalPreferences - feature.file.encoding=UTF8
[Test worker] INFO net.thucydides.core.util.PropertiesFileLocalPreferences - serenity.report.encoding=UTF8
[Test worker] INFO net.thucydides.core.util.PropertiesFileLocalPreferences - chrome.switches=--start-maximized
[Test worker] INFO net.thucydides.core.util.PropertiesFileLocalPreferences - serenity.test.root=net.thucydides.showcase.cucumber.junit
[Test worker] INFO net.thucydides.core.util.PropertiesFileLocalPreferences - serenity.verbose.steps=FALSE
[Test worker] INFO net.thucydides.core.util.PropertiesFileLocalPreferences - serenity.project.name=Demo Project using Serenity and Cucumber
[Test worker] INFO net.thucydides.core.util.PropertiesFileLocalPreferences - serenity.take.screenshots=AFTER_EACH_STEP
[Test worker] INFO net.thucydides.core.util.PropertiesFileLocalPreferences - webdriver.timeouts.implicitlywait=10000
[Test worker] INFO net.serenitybdd.core.Serenity - 

-------------------------------------------------------------------------------------
     _______. _______ .______       _______ .__   __.  __  .___________.____    ____ 
    /       ||   ____||   _  \     |   ____||  \ |  | |  | |           |\   \  /   / 
   |   (----`|  |__   |  |_)  |    |  |__   |   \|  | |  | `---|  |----` \   \/   /  
    \   \    |   __|  |      /     |   __|  |  . `  | |  |     |  |       \_    _/   
.----)   |   |  |____ |  |\  \----.|  |____ |  |\   | |  |     |  |         |  |     
|_______/    |_______|| _| `._____||_______||__| \__| |__|     |__|         |__|    
-------------------------------------------------------------------------------------

[Test worker] INFO net.serenitybdd.core.Serenity - Test Suite Started: Academy Choucair
[Test worker] INFO net.serenitybdd.core.Serenity - 
        __    _____ _____ ____ _____   ____   _    ____  ____  _____ ____  
  _     \ \  |_   _| ____/ ___|_   _| |  _ \ / \  / ___|/ ___|| ____|  _ \ 
 (_)_____| |   | | |  _| \___ \ | |   | |_) / _ \ \___ \\___ \|  _| | | | |
  _|_____| |   | | | |___ ___) || |   |  __/ ___ \ ___) |___) | |___| |_| |
 (_)     | |   |_| |_____|____/ |_|   |_| /_/   \_\____/|____/|_____|____/ 
        /_/                                                                

TEST PASSED: Search for a automation course
----------------------------------------------------------------------------
[pool-1-thread-1] INFO net.thucydides.core.reports.json.JSONTestOutcomeReporter - Generating JSON report for Search for a automation course to file C:\Users\mcsal\IdeaProjects\co.com.choucair.certification.proyectobase\target\site\serenity\fbe6f4d200b34e01ac46b4225d2ace94dcb3ffe4e5ba8961c731a4f32e03aa8e.json (using temp file C:\Users\mcsal\IdeaProjects\co.com.choucair.certification.proyectobase\target\site\serenity\fbe6f4d200b34e01ac46b4225d2ace94dcb3ffe4e5ba8961c731a4f32e03aa8e.json11fc98d3-a5b5-4e7f-a129-a2ddc0a93fbb)
[pool-1-thread-2] INFO net.thucydides.core.reports.html.HtmlAcceptanceTestReporter - GENERATING HTML REPORT FOR Academy Choucair:Search for a automation course in fbe6f4d200b34e01ac46b4225d2ace94dcb3ffe4e5ba8961c731a4f32e03aa8e.html in directory target\site\serenity  
]]></system-err>
</testsuite>
