<?xml version="1.0" encoding="UTF-8"?>
<testsuite name="Scenario: Search for a automation course" tests="4" skipped="0" failures="0" errors="0" timestamp="2022-09-01T02:51:47" hostname="DESKTOP-1Q12JHO" time="37.474">
  <properties/>
  <testcase name="Given than marlon eants to learn automation at the academy Choucair" classname="Scenario: Search for a automation course" time="0.005"/>
  <testcase name="When he search for the course recurso Automatizacion Bancolombia on the choucair academy plataform" classname="Scenario: Search for a automation course" time="0.0"/>
  <testcase name="Then he finds the course called resources recursos Automatizacion Bancolombia" classname="Scenario: Search for a automation course" time="0.0"/>
  <testcase name="classMethod" classname="Scenario: Search for a automation course" time="44.636"/>
  <system-out><![CDATA[]]></system-out>
  <system-err><![CDATA[[Test worker] INFO net.serenitybdd.core.Serenity - 
 _____ _____ ____ _____   ____ _____  _    ____ _____ _____ ____  
|_   _| ____/ ___|_   _| / ___|_   _|/ \  |  _ \_   _| ____|  _ \ 
  | | |  _| \___ \ | |   \___ \ | | / _ \ | |_) || | |  _| | | | |
  | | | |___ ___) || |    ___) || |/ ___ \|  _ < | | | |___| |_| |
  |_| |_____|____/ |_|   |____/ |_/_/   \_\_| \_\|_| |_____|____/ 
                                                                  

TEST STARTED: Search for a automation course
-------------------------------------------------------------------(academy-choucair;search-for-a-automation-course)
Starting ChromeDriver 93.0.4577.63 (ff5c0da2ec0adeaed5550e6c7e98417dac77d98a-refs/branch-heads/4577@{#1135}) on port 48765
Only local connections are allowed.
Please see https://chromedriver.chromium.org/security-considerations for suggestions on keeping ChromeDriver safe.
ChromeDriver was started successfully.
]]></system-err>
</testsuite>
